<?xml version="1.0" encoding="UTF-8"?>
<Site BuildName="Win32-MSBuild"
	BuildStamp="20251122-0502-Experimental"
	Name="Ultra"
	Generator="ctest-3.27.2-msvc1"
	CompilerName="C:/Program Files/Microsoft Visual Studio/2022/Community/VC/Tools/MSVC/14.38.33130/bin/Hostx86/x86/cl.exe"
	CompilerVersion="19.38.33130.0"
	OSName="Windows"
	Hostname="Ultra"
	OSRelease=" Personal"
	OSVersion=" (Build 26200)"
	OSPlatform="AMD64"
	Is64Bits="1"
	VendorString="GenuineIntel"
	VendorID="Intel Corporation"
	FamilyID="6"
	ModelID="10"
	ProcessorCacheSize="-1"
	NumberOfLogicalCPU="20"
	NumberOfPhysicalCPU="14"
	TotalVirtualMemory="34372"
	TotalPhysicalMemory="32324"
	LogicalProcessorsPerPhysical="1"
	ProcessorClockFrequency="2995"
	>
	<Testing>
		<StartDateTime>Nov 22 00:14 Pacific Standard Time</StartDateTime>
		<StartTestTime>1763799277</StartTestTime>
		<TestList/>
		<EndDateTime>Nov 22 00:14 Pacific Standard Time</EndDateTime>
		<EndTestTime>1763799277</EndTestTime>
		<ElapsedMinutes>0</ElapsedMinutes>
	</Testing>
</Site>
